# JRE version: OpenJDK Runtime Environment Temurin-17.0.11+9 (17.0.11+9) (build 17.0.11+9)
# Java VM: OpenJDK 64-Bit Server VM Temurin-17.0.11+9 (17.0.11+9, mixed mode, tiered, compressed oops, compressed class ptrs, g1 gc, windows-amd64)
GC Precious Log:
 CPUs: 8 total, 8 available
 Memory: 15984M
 Large Page Support: Disabled
 NUMA Support: Disabled
 Compressed Oops: Enabled (Zero based)
 Heap Region Size: 2M
 Heap Min Capacity: 8M
 Heap Initial Capacity: 250M
 Heap Max Capacity: 3998M
 Pre-touch: Disabled
 Parallel Workers: 8
 Concurrent Workers: 2
 Concurrent Refinement Workers: 8
 Periodic GC: Disabled
Heap:
 garbage-first heap   total 90112K, used 41889K [0x0000000706200000, 0x0000000800000000)
  region size 2048K, 9 young (18432K), 2 survivors (4096K)
 Metaspace       used 80424K, committed 81024K, reserved 1179648K
  class space    used 10389K, committed 10688K, reserved 1048576K
GC Heap History (20 events):
Event: 6.259 GC heap before
{Heap before GC invocations=16 (full 0):
 garbage-first heap   total 40960K, used 28887K [0x0000000706200000, 0x0000000800000000)
  region size 2048K, 6 young (12288K), 1 survivors (2048K)
 Metaspace       used 56182K, committed 56640K, reserved 1114112K
  class space    used 6955K, committed 7168K, reserved 1048576K
}
Event: 6.262 GC heap after
{Heap after GC invocations=17 (full 0):
 garbage-first heap   total 40960K, used 21397K [0x0000000706200000, 0x0000000800000000)
  region size 2048K, 1 young (2048K), 1 survivors (2048K)
 Metaspace       used 56182K, committed 56640K, reserved 1114112K
  class space    used 6955K, committed 7168K, reserved 1048576K
}
Event: 6.490 GC heap before
{Heap before GC invocations=18 (full 0):
 garbage-first heap   total 40960K, used 31637K [0x0000000706200000, 0x0000000800000000)
  region size 2048K, 6 young (12288K), 1 survivors (2048K)
 Metaspace       used 59023K, committed 59520K, reserved 1114112K
  class space    used 7277K, committed 7488K, reserved 1048576K
}
Event: 6.492 GC heap after
{Heap after GC invocations=19 (full 0):
 garbage-first heap   total 40960K, used 22029K [0x0000000706200000, 0x0000000800000000)
  region size 2048K, 1 young (2048K), 1 survivors (2048K)
 Metaspace       used 59023K, committed 59520K, reserved 1114112K
  class space    used 7277K, committed 7488K, reserved 1048576K
}
Event: 6.555 GC heap before
{Heap before GC invocations=19 (full 0):
 garbage-first heap   total 40960K, used 24077K [0x0000000706200000, 0x0000000800000000)
  region size 2048K, 2 young (4096K), 1 survivors (2048K)
 Metaspace       used 59911K, committed 60416K, reserved 1114112K
  class space    used 7545K, committed 7744K, reserved 1048576K
}
Event: 6.558 GC heap after
{Heap after GC invocations=20 (full 0):
 garbage-first heap   total 40960K, used 21735K [0x0000000706200000, 0x0000000800000000)
  region size 2048K, 1 young (2048K), 1 survivors (2048K)
 Metaspace       used 59911K, committed 60416K, reserved 1114112K
  class space    used 7545K, committed 7744K, reserved 1048576K
}
Event: 6.822 GC heap before
{Heap before GC invocations=20 (full 0):
 garbage-first heap   total 40960K, used 29927K [0x0000000706200000, 0x0000000800000000)
  region size 2048K, 5 young (10240K), 1 survivors (2048K)
 Metaspace       used 62323K, committed 62784K, reserved 1114112K
  class space    used 7929K, committed 8128K, reserved 1048576K
}
Event: 6.824 GC heap after
{Heap after GC invocations=21 (full 0):
 garbage-first heap   total 40960K, used 22049K [0x0000000706200000, 0x0000000800000000)
  region size 2048K, 1 young (2048K), 1 survivors (2048K)
 Metaspace       used 62323K, committed 62784K, reserved 1114112K
  class space    used 7929K, committed 8128K, reserved 1048576K
}
Event: 7.029 GC heap before
{Heap before GC invocations=22 (full 0):
 garbage-first heap   total 45056K, used 30241K [0x0000000706200000, 0x0000000800000000)
  region size 2048K, 5 young (10240K), 1 survivors (2048K)
 Metaspace       used 64391K, committed 64896K, reserved 1114112K
  class space    used 8277K, committed 8512K, reserved 1048576K
}
Event: 7.031 GC heap after
{Heap after GC invocations=23 (full 0):
 garbage-first heap   total 151552K, used 22292K [0x0000000706200000, 0x0000000800000000)
  region size 2048K, 1 young (2048K), 1 survivors (2048K)
 Metaspace       used 64391K, committed 64896K, reserved 1114112K
  class space    used 8277K, committed 8512K, reserved 1048576K
}
Event: 759.438 GC heap before
{Heap before GC invocations=23 (full 0):
 garbage-first heap   total 151552K, used 110356K [0x0000000706200000, 0x0000000800000000)
  region size 2048K, 44 young (90112K), 1 survivors (2048K)
 Metaspace       used 76889K, committed 77440K, reserved 1179648K
  class space    used 9966K, committed 10240K, reserved 1048576K
}
Event: 759.448 GC heap after
{Heap after GC invocations=24 (full 0):
 garbage-first heap   total 151552K, used 27793K [0x0000000706200000, 0x0000000800000000)
  region size 2048K, 4 young (8192K), 4 survivors (8192K)
 Metaspace       used 76889K, committed 77440K, reserved 1179648K
  class space    used 9966K, committed 10240K, reserved 1048576K
}
Event: 1015.218 GC heap before
{Heap before GC invocations=24 (full 0):
 garbage-first heap   total 151552K, used 46225K [0x0000000706200000, 0x0000000800000000)
  region size 2048K, 14 young (28672K), 4 survivors (8192K)
 Metaspace       used 79188K, committed 79744K, reserved 1179648K
  class space    used 10310K, committed 10560K, reserved 1048576K
}
Event: 1015.263 GC heap after
{Heap after GC invocations=25 (full 1):
 garbage-first heap   total 90112K, used 24197K [0x0000000706200000, 0x0000000800000000)
  region size 2048K, 0 young (0K), 0 survivors (0K)
 Metaspace       used 79188K, committed 79744K, reserved 1179648K
  class space    used 10310K, committed 10560K, reserved 1048576K
}
Event: 1016.272 GC heap before
{Heap before GC invocations=25 (full 1):
 garbage-first heap   total 90112K, used 67205K [0x0000000706200000, 0x0000000800000000)
  region size 2048K, 22 young (45056K), 0 survivors (0K)
 Metaspace       used 79694K, committed 80256K, reserved 1179648K
  class space    used 10339K, committed 10624K, reserved 1048576K
}
Event: 1016.277 GC heap after
{Heap after GC invocations=26 (full 1):
 garbage-first heap   total 90112K, used 28039K [0x0000000706200000, 0x0000000800000000)
  region size 2048K, 2 young (4096K), 2 survivors (4096K)
 Metaspace       used 79694K, committed 80256K, reserved 1179648K
  class space    used 10339K, committed 10624K, reserved 1048576K
}
Event: 2055.095 GC heap before
{Heap before GC invocations=26 (full 1):
 garbage-first heap   total 90112K, used 68999K [0x0000000706200000, 0x0000000800000000)
  region size 2048K, 22 young (45056K), 2 survivors (4096K)
 Metaspace       used 80299K, committed 80896K, reserved 1179648K
  class space    used 10389K, committed 10688K, reserved 1048576K
}
Event: 2055.099 GC heap after
{Heap after GC invocations=27 (full 1):
 garbage-first heap   total 90112K, used 29582K [0x0000000706200000, 0x0000000800000000)
  region size 2048K, 2 young (4096K), 2 survivors (4096K)
 Metaspace       used 80299K, committed 80896K, reserved 1179648K
  class space    used 10389K, committed 10688K, reserved 1048576K
}
Event: 3678.369 GC heap before
{Heap before GC invocations=27 (full 1):
 garbage-first heap   total 90112K, used 66446K [0x0000000706200000, 0x0000000800000000)
  region size 2048K, 20 young (40960K), 2 survivors (4096K)
 Metaspace       used 80420K, committed 81024K, reserved 1179648K
  class space    used 10389K, committed 10688K, reserved 1048576K
}
Event: 3678.372 GC heap after
{Heap after GC invocations=28 (full 1):
 garbage-first heap   total 90112K, used 29601K [0x0000000706200000, 0x0000000800000000)
  region size 2048K, 2 young (4096K), 2 survivors (4096K)
 Metaspace       used 80420K, committed 81024K, reserved 1179648K
  class space    used 10389K, committed 10688K, reserved 1048576K
}

